<?xml version="1.0" encoding="UTF-8"?>
<testng-results skipped="0" failed="0" ignored="0" total="1" passed="1">
  <reporter-output>
  </reporter-output>
  <suite name="Default suite" duration-ms="90" started-at="2019-02-04T05:23:49Z" finished-at="2019-02-04T05:23:49Z">
    <groups>
    </groups>
    <test name="Default test" duration-ms="90" started-at="2019-02-04T05:23:49Z" finished-at="2019-02-04T05:23:49Z">
      <class name="jazz.kokri">
        <test-method status="PASS" signature="train()[pri:0, instance:jazz.kokri@5dfcfece]" name="train" duration-ms="19" started-at="2019-02-04T05:23:49Z" finished-at="2019-02-04T05:23:49Z">
          <reporter-output>
          </reporter-output>
        </test-method> <!-- train -->
      </class> <!-- jazz.kokri -->
    </test> <!-- Default test -->
  </suite> <!-- Default suite -->
</testng-results>
